todo_application/build/app/intermediates/manifest_merge_blame_file/debug/manifest-merger-blame-debug-report.txt
1<?xml version="1.0" encoding="utf-8"?>
2<manifest xmlns:android="http://schemas.android.com/apk/res/android"
3    package="com.example.todo_application"
4    android:versionCode="1"
5    android:versionName="1.0.0" >
6
7    <uses-sdk
8        android:minSdkVersion="21"
9        android:targetSdkVersion="31" />
10    <!--
11         Flutter needs it to communicate with the running application
12         to allow setting breakpoints, to provide hot reload, etc.
13    -->
14    <uses-permission android:name="android.permission.INTERNET" />
14-->src\debug\AndroidManifest.xml:6:5-66
14-->src\debug\AndroidManifest.xml:6:22-64
15    <uses-permission android:name="android.permission.RECEIVE_BOOT_COMPLETED" />
15-->src\main\AndroidManifest.xml:3:5-80
15-->src\main\AndroidManifest.xml:3:22-78
16    <uses-permission android:name="android.permission.WAKE_LOCK" /> <!-- For apps with targetSDK=31 (Android 12) -->
16-->src\main\AndroidManifest.xml:4:1-63
16-->src\main\AndroidManifest.xml:4:18-61
17    <uses-permission android:name="android.permission.SCHEDULE_EXACT_ALARM" />
17-->src\main\AndroidManifest.xml:6:1-74
17-->src\main\AndroidManifest.xml:6:18-72
18    <uses-permission android:name="android.permission.VIBRATE" />
18-->[:awesome_notifications] AndroidManifest.xml:8:5-66
18-->[:awesome_notifications] AndroidManifest.xml:8:22-63
19    <uses-permission android:name="android.permission.USE_FULL_SCREEN_INTENT" /> <!-- for android -->
19-->[:flutter_local_notifications] AndroidManifest.xml:9:5-81
19-->[:flutter_local_notifications] AndroidManifest.xml:9:22-78
20    <!-- <uses-permission android:name="com.android.launcher.permission.READ_SETTINGS"/> -->
21    <!-- <uses-permission android:name="com.android.launcher.permission.WRITE_SETTINGS"/> -->
22    <!-- <uses-permission android:name="com.android.launcher.permission.INSTALL_SHORTCUT" /> -->
23    <!-- <uses-permission android:name="com.android.launcher.permission.UNINSTALL_SHORTCUT" /> -->
24    <!-- for Samsung -->
25    <uses-permission android:name="com.sec.android.provider.badge.permission.READ" />
25-->[me.leolin:ShortcutBadger:1.1.22] AndroidManifest.xml:19:5-86
25-->[me.leolin:ShortcutBadger:1.1.22] AndroidManifest.xml:19:22-83
26    <uses-permission android:name="com.sec.android.provider.badge.permission.WRITE" /> <!-- for htc -->
26-->[me.leolin:ShortcutBadger:1.1.22] AndroidManifest.xml:20:5-87
26-->[me.leolin:ShortcutBadger:1.1.22] AndroidManifest.xml:20:22-84
27    <uses-permission android:name="com.htc.launcher.permission.READ_SETTINGS" />
27-->[me.leolin:ShortcutBadger:1.1.22] AndroidManifest.xml:23:5-81
27-->[me.leolin:ShortcutBadger:1.1.22] AndroidManifest.xml:23:22-78
28    <uses-permission android:name="com.htc.launcher.permission.UPDATE_SHORTCUT" /> <!-- for sony -->
28-->[me.leolin:ShortcutBadger:1.1.22] AndroidManifest.xml:24:5-83
28-->[me.leolin:ShortcutBadger:1.1.22] AndroidManifest.xml:24:22-80
29    <uses-permission android:name="com.sonyericsson.home.permission.BROADCAST_BADGE" />
29-->[me.leolin:ShortcutBadger:1.1.22] AndroidManifest.xml:27:5-88
29-->[me.leolin:ShortcutBadger:1.1.22] AndroidManifest.xml:27:22-85
30    <uses-permission android:name="com.sonymobile.home.permission.PROVIDER_INSERT_BADGE" /> <!-- for apex -->
30-->[me.leolin:ShortcutBadger:1.1.22] AndroidManifest.xml:28:5-92
30-->[me.leolin:ShortcutBadger:1.1.22] AndroidManifest.xml:28:22-89
31    <uses-permission android:name="com.anddoes.launcher.permission.UPDATE_COUNT" /> <!-- for solid -->
31-->[me.leolin:ShortcutBadger:1.1.22] AndroidManifest.xml:31:5-84
31-->[me.leolin:ShortcutBadger:1.1.22] AndroidManifest.xml:31:22-81
32    <uses-permission android:name="com.majeur.launcher.permission.UPDATE_BADGE" /> <!-- for huawei -->
32-->[me.leolin:ShortcutBadger:1.1.22] AndroidManifest.xml:34:5-83
32-->[me.leolin:ShortcutBadger:1.1.22] AndroidManifest.xml:34:22-80
33    <uses-permission android:name="com.huawei.android.launcher.permission.CHANGE_BADGE" />
33-->[me.leolin:ShortcutBadger:1.1.22] AndroidManifest.xml:37:5-91
33-->[me.leolin:ShortcutBadger:1.1.22] AndroidManifest.xml:37:22-88
34    <uses-permission android:name="com.huawei.android.launcher.permission.READ_SETTINGS" />
34-->[me.leolin:ShortcutBadger:1.1.22] AndroidManifest.xml:38:5-92
34-->[me.leolin:ShortcutBadger:1.1.22] AndroidManifest.xml:38:22-89
35    <uses-permission android:name="com.huawei.android.launcher.permission.WRITE_SETTINGS" /> <!-- for ZUK -->
35-->[me.leolin:ShortcutBadger:1.1.22] AndroidManifest.xml:39:5-93
35-->[me.leolin:ShortcutBadger:1.1.22] AndroidManifest.xml:39:22-90
36    <uses-permission android:name="android.permission.READ_APP_BADGE" /> <!-- for OPPO -->
36-->[me.leolin:ShortcutBadger:1.1.22] AndroidManifest.xml:42:5-73
36-->[me.leolin:ShortcutBadger:1.1.22] AndroidManifest.xml:42:22-70
37    <uses-permission android:name="com.oppo.launcher.permission.READ_SETTINGS" />
37-->[me.leolin:ShortcutBadger:1.1.22] AndroidManifest.xml:45:5-82
37-->[me.leolin:ShortcutBadger:1.1.22] AndroidManifest.xml:45:22-79
38    <uses-permission android:name="com.oppo.launcher.permission.WRITE_SETTINGS" /> <!-- for EvMe -->
38-->[me.leolin:ShortcutBadger:1.1.22] AndroidManifest.xml:46:5-83
38-->[me.leolin:ShortcutBadger:1.1.22] AndroidManifest.xml:46:22-80
39    <uses-permission android:name="me.everything.badger.permission.BADGE_COUNT_READ" />
39-->[me.leolin:ShortcutBadger:1.1.22] AndroidManifest.xml:49:5-88
39-->[me.leolin:ShortcutBadger:1.1.22] AndroidManifest.xml:49:22-85
40    <uses-permission android:name="me.everything.badger.permission.BADGE_COUNT_WRITE" />
40-->[me.leolin:ShortcutBadger:1.1.22] AndroidManifest.xml:50:5-89
40-->[me.leolin:ShortcutBadger:1.1.22] AndroidManifest.xml:50:22-86
41
42    <application
42-->src\main\AndroidManifest.xml:7:4-59:19
43        android:appComponentFactory="androidx.core.app.CoreComponentFactory"
43-->[androidx.core:core:1.7.0] AndroidManifest.xml:24:18-86
44        android:debuggable="true"
45        android:icon="@mipmap/appicon"
45-->src\main\AndroidManifest.xml:9:9-39
46        android:label="todo_application" >
46-->src\main\AndroidManifest.xml:8:9-41
47        <activity
47-->src\main\AndroidManifest.xml:10:9-38:20
48            android:name="com.example.todo_application.MainActivity"
48-->src\main\AndroidManifest.xml:11:13-41
49            android:configChanges="orientation|keyboardHidden|keyboard|screenSize|smallestScreenSize|locale|layoutDirection|fontScale|screenLayout|density|uiMode"
49-->src\main\AndroidManifest.xml:14:13-163
50            android:hardwareAccelerated="true"
50-->src\main\AndroidManifest.xml:15:13-47
51            android:launchMode="singleTop"
51-->src\main\AndroidManifest.xml:12:13-43
52            android:theme="@style/LaunchTheme"
52-->src\main\AndroidManifest.xml:13:13-47
53            android:windowSoftInputMode="adjustResize" >
53-->src\main\AndroidManifest.xml:16:13-55
54
55            <!--
56                 Specifies an Android theme to apply to this Activity as soon as
57                 the Android process has started. This theme is visible to the user
58                 while the Flutter UI initializes. After that, this theme continues
59                 to determine the Window background behind the Flutter UI.
60            -->
61            <meta-data
61-->src\main\AndroidManifest.xml:21:13-24:17
62                android:name="io.flutter.embedding.android.NormalTheme"
62-->src\main\AndroidManifest.xml:22:15-70
63                android:resource="@style/NormalTheme" />
63-->src\main\AndroidManifest.xml:23:15-52
64            <!--
65                 Displays an Android View that continues showing the launch screen
66                 Drawable until Flutter paints its first frame, then this splash
67                 screen fades out. A splash screen is useful to avoid any visual
68                 gap between the end of Android's launch screen and the painting of
69                 Flutter's first frame.
70            -->
71            <meta-data
71-->src\main\AndroidManifest.xml:30:13-33:17
72                android:name="io.flutter.embedding.android.SplashScreenDrawable"
72-->src\main\AndroidManifest.xml:31:15-79
73                android:resource="@drawable/launch_background" />
73-->src\main\AndroidManifest.xml:32:15-61
74
75            <intent-filter>
75-->src\main\AndroidManifest.xml:34:13-37:29
76                <action android:name="android.intent.action.MAIN" />
76-->src\main\AndroidManifest.xml:35:17-68
76-->src\main\AndroidManifest.xml:35:25-66
77
78                <category android:name="android.intent.category.LAUNCHER" />
78-->src\main\AndroidManifest.xml:36:17-76
78-->src\main\AndroidManifest.xml:36:27-74
79            </intent-filter>
80        </activity>
81        <!--
82             Don't delete the meta-data below.
83             This is used by the Flutter tool to generate GeneratedPluginRegistrant.java
84        -->
85        <meta-data
85-->src\main\AndroidManifest.xml:41:9-43:33
86            android:name="flutterEmbedding"
86-->src\main\AndroidManifest.xml:42:13-44
87            android:value="2" />
87-->src\main\AndroidManifest.xml:43:13-30
88
89        <service
89-->src\main\AndroidManifest.xml:44:13-47:31
90            android:name="dev.fluttercommunity.plus.androidalarmmanager.AlarmService"
90-->src\main\AndroidManifest.xml:45:5-78
91            android:exported="false"
91-->src\main\AndroidManifest.xml:47:5-29
92            android:permission="android.permission.BIND_JOB_SERVICE" />
92-->src\main\AndroidManifest.xml:46:5-61
93
94        <receiver
94-->src\main\AndroidManifest.xml:48:1-50:31
95            android:name="dev.fluttercommunity.plus.androidalarmmanager.AlarmBroadcastReceiver"
95-->src\main\AndroidManifest.xml:49:5-88
96            android:exported="false" />
96-->src\main\AndroidManifest.xml:50:5-29
97        <receiver
97-->src\main\AndroidManifest.xml:51:1-58:12
98            android:name="dev.fluttercommunity.plus.androidalarmmanager.RebootBroadcastReceiver"
98-->src\main\AndroidManifest.xml:52:5-89
99            android:enabled="false"
99-->src\main\AndroidManifest.xml:53:5-28
100            android:exported="false" >
100-->src\main\AndroidManifest.xml:54:5-29
101            <intent-filter>
101-->src\main\AndroidManifest.xml:55:5-57:21
102                <action android:name="android.intent.action.BOOT_COMPLETED" />
102-->src\main\AndroidManifest.xml:56:9-71
102-->src\main\AndroidManifest.xml:56:17-68
103            </intent-filter>
104        </receiver>
105        <receiver
105-->[:awesome_notifications] AndroidManifest.xml:11:9-13:40
106            android:name="me.carda.awesome_notifications.notifications.broadcastReceivers.DismissedNotificationReceiver"
106-->[:awesome_notifications] AndroidManifest.xml:12:13-121
107            android:exported="false" />
107-->[:awesome_notifications] AndroidManifest.xml:13:13-37
108        <receiver
108-->[:awesome_notifications] AndroidManifest.xml:14:9-16:40
109            android:name="me.carda.awesome_notifications.notifications.broadcastReceivers.ScheduledNotificationReceiver"
109-->[:awesome_notifications] AndroidManifest.xml:15:13-121
110            android:exported="false" />
110-->[:awesome_notifications] AndroidManifest.xml:16:13-37
111        <receiver
111-->[:awesome_notifications] AndroidManifest.xml:17:9-19:40
112            android:name="me.carda.awesome_notifications.notifications.broadcastReceivers.KeepOnTopActionReceiver"
112-->[:awesome_notifications] AndroidManifest.xml:18:13-115
113            android:exported="false" />
113-->[:awesome_notifications] AndroidManifest.xml:19:13-37
114        <receiver
114-->[:awesome_notifications] AndroidManifest.xml:20:9-33:20
115            android:name="me.carda.awesome_notifications.notifications.broadcastReceivers.RefreshSchedulesReceiver"
115-->[:awesome_notifications] AndroidManifest.xml:21:13-116
116            android:exported="false" >
116-->[:awesome_notifications] AndroidManifest.xml:22:13-37
117            <intent-filter>
117-->[:awesome_notifications] AndroidManifest.xml:23:13-32:29
118                <category android:name="android.intent.category.DEFAULT" />
118-->[:awesome_notifications] AndroidManifest.xml:24:17-76
118-->[:awesome_notifications] AndroidManifest.xml:24:27-73
119
120                <action android:name="android.intent.action.BOOT_COMPLETED" />
120-->src\main\AndroidManifest.xml:56:9-71
120-->src\main\AndroidManifest.xml:56:17-68
121                <action android:name="android.intent.action.LOCKED_BOOT_COMPLETED" />
121-->[:awesome_notifications] AndroidManifest.xml:27:17-86
121-->[:awesome_notifications] AndroidManifest.xml:27:25-83
122                <action android:name="android.intent.action.MY_PACKAGE_REPLACED" />
122-->[:awesome_notifications] AndroidManifest.xml:28:17-84
122-->[:awesome_notifications] AndroidManifest.xml:28:25-81
123                <action android:name="android.intent.action.QUICKBOOT_POWERON" />
123-->[:awesome_notifications] AndroidManifest.xml:29:17-82
123-->[:awesome_notifications] AndroidManifest.xml:29:25-79
124                <action android:name="com.htc.intent.action.QUICKBOOT_POWERON" />
124-->[:awesome_notifications] AndroidManifest.xml:30:17-82
124-->[:awesome_notifications] AndroidManifest.xml:30:25-79
125                <action android:name="android.app.action.SCHEDULE_EXACT_ALARM_PERMISSION_STATE_CHANGED" />
125-->[:awesome_notifications] AndroidManifest.xml:31:17-107
125-->[:awesome_notifications] AndroidManifest.xml:31:25-104
126            </intent-filter>
127        </receiver>
128        <receiver
128-->[:flutter_local_notifications] AndroidManifest.xml:13:9-15:40
129            android:name="com.dexterous.flutterlocalnotifications.ScheduledNotificationReceiver"
129-->[:flutter_local_notifications] AndroidManifest.xml:14:13-97
130            android:exported="false" />
130-->[:flutter_local_notifications] AndroidManifest.xml:15:13-37
131        <receiver
131-->[:flutter_local_notifications] AndroidManifest.xml:16:9-25:20
132            android:name="com.dexterous.flutterlocalnotifications.ScheduledNotificationBootReceiver"
132-->[:flutter_local_notifications] AndroidManifest.xml:17:13-101
133            android:exported="false" >
133-->[:flutter_local_notifications] AndroidManifest.xml:18:13-37
134            <intent-filter>
134-->[:flutter_local_notifications] AndroidManifest.xml:19:13-24:29
135                <action android:name="android.intent.action.BOOT_COMPLETED" />
135-->src\main\AndroidManifest.xml:56:9-71
135-->src\main\AndroidManifest.xml:56:17-68
136                <action android:name="android.intent.action.MY_PACKAGE_REPLACED" />
136-->[:awesome_notifications] AndroidManifest.xml:28:17-84
136-->[:awesome_notifications] AndroidManifest.xml:28:25-81
137                <action android:name="android.intent.action.QUICKBOOT_POWERON" />
137-->[:awesome_notifications] AndroidManifest.xml:29:17-82
137-->[:awesome_notifications] AndroidManifest.xml:29:25-79
138                <action android:name="com.htc.intent.action.QUICKBOOT_POWERON" />
138-->[:awesome_notifications] AndroidManifest.xml:30:17-82
138-->[:awesome_notifications] AndroidManifest.xml:30:25-79
139            </intent-filter>
140        </receiver>
141
142        <provider
142-->[androidx.lifecycle:lifecycle-process:2.2.0] AndroidManifest.xml:25:9-29:43
143            android:name="androidx.lifecycle.ProcessLifecycleOwnerInitializer"
143-->[androidx.lifecycle:lifecycle-process:2.2.0] AndroidManifest.xml:26:13-79
144            android:authorities="com.example.todo_application.lifecycle-process"
144-->[androidx.lifecycle:lifecycle-process:2.2.0] AndroidManifest.xml:27:13-69
145            android:exported="false"
145-->[androidx.lifecycle:lifecycle-process:2.2.0] AndroidManifest.xml:28:13-37
146            android:multiprocess="true" />
146-->[androidx.lifecycle:lifecycle-process:2.2.0] AndroidManifest.xml:29:13-40
147    </application>
148
149</manifest>